0 info it worked if it ends with ok
1 verbose cli [ 'D:\\node\\node.exe',
1 verbose cli   'D:\\node\\node_modules\\npm\\bin\\npm-cli.js',
1 verbose cli   'start' ]
2 info using npm@3.10.10
3 info using node@v6.11.1
4 verbose run-script [ 'prestart', 'start', 'poststart' ]
5 info lifecycle my-note@1.0.0~prestart: my-note@1.0.0
6 silly lifecycle my-note@1.0.0~prestart: no script for prestart, continuing
7 info lifecycle my-note@1.0.0~start: my-note@1.0.0
8 verbose lifecycle my-note@1.0.0~start: unsafe-perm in lifecycle true
9 verbose lifecycle my-note@1.0.0~start: PATH: D:\node\node_modules\npm\bin\node-gyp-bin;E:\learn\React\my-note\node_modules\.bin;C:\Users\Administrator\bin;D:\Git\mingw64\bin;D:\Git\usr\local\bin;D:\Git\usr\bin;D:\Git\usr\bin;D:\Git\mingw64\bin;D:\Git\usr\bin;C:\Users\Administrator\bin;C:\Windows\system32;C:\Windows;C:\Windows\System32\Wbem;C:\Windows\System32\WindowsPowerShell\v1.0;D:\node;D:\Git\cmd;C:\Users\Administrator\AppData\Local\Microsoft\WindowsApps;C:\Users\Administrator\AppData\Roaming\npm;D:\Git\usr\bin;D:\Git\usr\bin\vendor_perl;D:\Git\usr\bin\core_perl
10 verbose lifecycle my-note@1.0.0~start: CWD: E:\learn\React\my-note
11 silly lifecycle my-note@1.0.0~start: Args: [ '/d /s /c', 'gitbook serve ./content ./gh-pages' ]
12 silly lifecycle my-note@1.0.0~start: Returned: code: 1  signal: null
13 info lifecycle my-note@1.0.0~start: Failed to exec start script
14 verbose stack Error: my-note@1.0.0 start: `gitbook serve ./content ./gh-pages`
14 verbose stack Exit status 1
14 verbose stack     at EventEmitter.<anonymous> (D:\node\node_modules\npm\lib\utils\lifecycle.js:255:16)
14 verbose stack     at emitTwo (events.js:106:13)
14 verbose stack     at EventEmitter.emit (events.js:191:7)
14 verbose stack     at ChildProcess.<anonymous> (D:\node\node_modules\npm\lib\utils\spawn.js:40:14)
14 verbose stack     at emitTwo (events.js:106:13)
14 verbose stack     at ChildProcess.emit (events.js:191:7)
14 verbose stack     at maybeClose (internal/child_process.js:891:16)
14 verbose stack     at Process.ChildProcess._handle.onexit (internal/child_process.js:226:5)
15 verbose pkgid my-note@1.0.0
16 verbose cwd E:\learn\React\my-note
17 error Windows_NT 10.0.15063
18 error argv "D:\\node\\node.exe" "D:\\node\\node_modules\\npm\\bin\\npm-cli.js" "start"
19 error node v6.11.1
20 error npm  v3.10.10
21 error code ELIFECYCLE
22 error my-note@1.0.0 start: `gitbook serve ./content ./gh-pages`
22 error Exit status 1
23 error Failed at the my-note@1.0.0 start script 'gitbook serve ./content ./gh-pages'.
23 error Make sure you have the latest version of node.js and npm installed.
23 error If you do, this is most likely a problem with the my-note package,
23 error not with npm itself.
23 error Tell the author that this fails on your system:
23 error     gitbook serve ./content ./gh-pages
23 error You can get information on how to open an issue for this project with:
23 error     npm bugs my-note
23 error Or if that isn't available, you can get their info via:
23 error     npm owner ls my-note
23 error There is likely additional logging output above.
24 verbose exit [ 1, true ]
